2012-12-15 21:49:15 [com.nmc.SatelliteParser]-[INFO] 	 字符串长度:9
2012-12-15 21:49:16 [com.nmc.SatelliteParser]-[INFO] 	小图[SEVP_NSMC_WXCL_ASC_E99_ACHN_LNO_PY_20121215130000000.JPG],时间[20121215],大小:64144
2012-12-15 21:49:20 [com.nmc.SatelliteParser]-[INFO] 	大图[SEVP_NSMC_WXCL_ASC_E99_ACHN_LNO_PY_20121215130000000.JPG],时间[20121215],大小:412938
2012-12-15 21:49:20 [com.nmc.SatelliteParser]-[INFO] 

2012-12-15 21:49:20 [com.nmc.SatelliteParser]-[INFO] 	 字符串长度:9
2012-12-15 21:49:20 [com.nmc.SatelliteParser]-[INFO] 	小图[SEVP_NSMC_WXCL_ASC_E99_ACHN_LNO_PY_20121215123000000.JPG],时间[20121215],大小:64468
2012-12-15 21:49:26 [com.nmc.SatelliteParser]-[INFO] 	大图[SEVP_NSMC_WXCL_ASC_E99_ACHN_LNO_PY_20121215123000000.JPG],时间[20121215],大小:413971
2012-12-15 21:49:26 [com.nmc.SatelliteParser]-[INFO] 

2012-12-15 21:49:26 [com.nmc.SatelliteParser]-[INFO] 	 字符串长度:9
2012-12-15 21:49:27 [com.nmc.SatelliteParser]-[INFO] 	小图[SEVP_NSMC_WXCL_ASC_E99_ACHN_LNO_PY_20121215120000000.JPG],时间[20121215],大小:64309
2012-12-15 21:49:31 [com.nmc.SatelliteParser]-[INFO] 	大图[SEVP_NSMC_WXCL_ASC_E99_ACHN_LNO_PY_20121215120000000.JPG],时间[20121215],大小:414122
2012-12-15 21:49:31 [com.nmc.SatelliteParser]-[INFO] 

2012-12-15 21:49:31 [com.nmc.SatelliteParser]-[INFO] 	 字符串长度:9
2012-12-15 21:49:33 [com.nmc.SatelliteParser]-[INFO] 	小图[SEVP_NSMC_WXCL_ASC_E99_ACHN_LNO_PY_20121215113000000.JPG],时间[20121215],大小:64859
2012-12-15 21:49:39 [com.nmc.SatelliteParser]-[INFO] 	大图[SEVP_NSMC_WXCL_ASC_E99_ACHN_LNO_PY_20121215113000000.JPG],时间[20121215],大小:417807
2012-12-15 21:49:39 [com.nmc.SatelliteParser]-[INFO] 

2012-12-15 21:49:39 [com.nmc.SatelliteParser]-[INFO] 	 字符串长度:9
2012-12-15 21:49:40 [com.nmc.SatelliteParser]-[INFO] 	小图[SEVP_NSMC_WXCL_ASC_E99_ACHN_LNO_PY_20121215110000000.JPG],时间[20121215],大小:65099
2012-12-15 21:49:47 [com.nmc.SatelliteParser]-[INFO] 	大图[SEVP_NSMC_WXCL_ASC_E99_ACHN_LNO_PY_20121215110000000.JPG],时间[20121215],大小:419648
2012-12-15 21:49:47 [com.nmc.SatelliteParser]-[INFO] 

2012-12-15 21:49:47 [com.nmc.SatelliteParser]-[INFO] 	 字符串长度:9
2012-12-15 21:49:48 [com.nmc.SatelliteParser]-[INFO] 	小图[SEVP_NSMC_WXCL_ASC_E99_ACHN_LNO_PY_20121215103000000.JPG],时间[20121215],大小:65436
2012-12-15 21:49:56 [com.nmc.SatelliteParser]-[INFO] 	大图[SEVP_NSMC_WXCL_ASC_E99_ACHN_LNO_PY_20121215103000000.JPG],时间[20121215],大小:421653
2012-12-15 21:49:56 [com.nmc.SatelliteParser]-[INFO] 

2012-12-15 21:49:56 [com.nmc.SatelliteParser]-[INFO] 	 字符串长度:9
2012-12-15 21:49:57 [com.nmc.SatelliteParser]-[INFO] 	小图[SEVP_NSMC_WXCL_ASC_E99_ACHN_LNO_PY_20121215100000000.JPG],时间[20121215],大小:65668
2012-12-15 21:50:03 [com.nmc.SatelliteParser]-[INFO] 	大图[SEVP_NSMC_WXCL_ASC_E99_ACHN_LNO_PY_20121215100000000.JPG],时间[20121215],大小:424223
2012-12-15 21:50:03 [com.nmc.SatelliteParser]-[INFO] 

2012-12-15 21:50:03 [com.nmc.SatelliteParser]-[INFO] 	 字符串长度:9
2012-12-15 21:50:04 [com.nmc.SatelliteParser]-[INFO] 	小图[SEVP_NSMC_WXCL_ASC_E99_ACHN_LNO_PY_20121215093000000.JPG],时间[20121215],大小:66765
2012-12-15 21:50:11 [com.nmc.SatelliteParser]-[INFO] 	大图[SEVP_NSMC_WXCL_ASC_E99_ACHN_LNO_PY_20121215093000000.JPG],时间[20121215],大小:434562
2012-12-15 21:50:11 [com.nmc.SatelliteParser]-[INFO] 

2012-12-15 21:50:11 [com.nmc.SatelliteParser]-[INFO] 	 字符串长度:9
2012-12-15 21:50:12 [com.nmc.SatelliteParser]-[INFO] 	小图[SEVP_NSMC_WXCL_ASC_E99_ACHN_LNO_PY_20121215090000000.JPG],时间[20121215],大小:67145
2012-12-15 21:50:14 [com.nmc.SatelliteParser]-[INFO] 	大图[SEVP_NSMC_WXCL_ASC_E99_ACHN_LNO_PY_20121215090000000.JPG],时间[20121215],大小:438472
2012-12-15 21:50:14 [com.nmc.SatelliteParser]-[INFO] 

2012-12-15 21:50:14 [com.nmc.SatelliteParser]-[INFO] 	 字符串长度:9
2012-12-15 21:50:15 [com.nmc.SatelliteParser]-[INFO] 	小图[SEVP_NSMC_WXCL_ASC_E99_ACHN_LNO_PY_20121215083000000.JPG],时间[20121215],大小:67156
2012-12-15 21:50:22 [com.nmc.SatelliteParser]-[INFO] 	大图[SEVP_NSMC_WXCL_ASC_E99_ACHN_LNO_PY_20121215083000000.JPG],时间[20121215],大小:435002
2012-12-15 21:50:22 [com.nmc.SatelliteParser]-[INFO] 

2012-12-15 21:50:22 [com.nmc.SatelliteParser]-[INFO] 	 字符串长度:9
2012-12-15 21:50:23 [com.nmc.SatelliteParser]-[INFO] 	小图[SEVP_NSMC_WXCL_ASC_E99_ACHN_LNO_PY_20121215080000000.JPG],时间[20121215],大小:67049
2012-12-15 21:50:26 [com.nmc.SatelliteParser]-[INFO] 	大图[SEVP_NSMC_WXCL_ASC_E99_ACHN_LNO_PY_20121215080000000.JPG],时间[20121215],大小:437246
2012-12-15 21:50:26 [com.nmc.SatelliteParser]-[INFO] 

2012-12-15 21:50:26 [com.nmc.SatelliteParser]-[INFO] 	 字符串长度:9
2012-12-15 21:50:27 [com.nmc.SatelliteParser]-[INFO] 	小图[SEVP_NSMC_WXCL_ASC_E99_ACHN_LNO_PY_20121215073000000.JPG],时间[20121215],大小:67667
2012-12-15 21:50:33 [com.nmc.SatelliteParser]-[INFO] 	大图[SEVP_NSMC_WXCL_ASC_E99_ACHN_LNO_PY_20121215073000000.JPG],时间[20121215],大小:439058
2012-12-15 21:50:33 [com.nmc.SatelliteParser]-[INFO] 

2012-12-15 22:06:50 [com.nmc.SatelliteParser]-[INFO] 	 字符串长度:9
2012-12-15 22:06:50 [com.nmc.SatelliteParser]-[INFO] 

2012-12-15 22:06:50 [com.nmc.SatelliteParser]-[INFO] 	 字符串长度:9
2012-12-15 22:06:50 [com.nmc.SatelliteParser]-[INFO] 

2012-12-15 22:06:50 [com.nmc.SatelliteParser]-[INFO] 	 字符串长度:9
2012-12-15 22:06:50 [com.nmc.SatelliteParser]-[INFO] 

2012-12-15 22:06:50 [com.nmc.SatelliteParser]-[INFO] 	 字符串长度:9
2012-12-15 22:06:50 [com.nmc.SatelliteParser]-[INFO] 

2012-12-15 22:06:50 [com.nmc.SatelliteParser]-[INFO] 	 字符串长度:9
2012-12-15 22:06:50 [com.nmc.SatelliteParser]-[INFO] 

2012-12-15 22:06:50 [com.nmc.SatelliteParser]-[INFO] 	 字符串长度:9
2012-12-15 22:06:50 [com.nmc.SatelliteParser]-[INFO] 

2012-12-15 22:06:50 [com.nmc.SatelliteParser]-[INFO] 	 字符串长度:9
2012-12-15 22:06:50 [com.nmc.SatelliteParser]-[INFO] 

2012-12-15 22:06:50 [com.nmc.SatelliteParser]-[INFO] 	 字符串长度:9
2012-12-15 22:06:50 [com.nmc.SatelliteParser]-[INFO] 

2012-12-15 22:06:50 [com.nmc.SatelliteParser]-[INFO] 	 字符串长度:9
2012-12-15 22:06:50 [com.nmc.SatelliteParser]-[INFO] 

2012-12-15 22:06:50 [com.nmc.SatelliteParser]-[INFO] 	 字符串长度:9
2012-12-15 22:06:50 [com.nmc.SatelliteParser]-[INFO] 

2012-12-15 22:06:50 [com.nmc.SatelliteParser]-[INFO] 	 字符串长度:9
2012-12-15 22:06:50 [com.nmc.SatelliteParser]-[INFO] 

2012-12-15 22:06:50 [com.nmc.SatelliteParser]-[INFO] 	 字符串长度:9
2012-12-15 22:06:50 [com.nmc.SatelliteParser]-[INFO] 

2012-12-15 22:08:07 [com.nmc.SatelliteParser]-[INFO] 	 字符串长度:9
2012-12-15 22:08:07 [com.nmc.SatelliteParser]-[INFO] 0=/product/2012/201212/20121215/WXCL/medium/SEVP_NSMC_WXCL_ASC_E99_ACHN_LNO_PY_20121215130000000.JPG
2012-12-15 22:08:07 [com.nmc.SatelliteParser]-[INFO] 1=/product/2012/201212/20121215/WXCL/SEVP_NSMC_WXCL_ASC_E99_ACHN_LNO_PY_20121215130000000.JPG
2012-12-15 22:08:07 [com.nmc.SatelliteParser]-[INFO] 2=
2012-12-15 22:08:07 [com.nmc.SatelliteParser]-[INFO] 3=
2012-12-15 22:08:07 [com.nmc.SatelliteParser]-[INFO] 4=
2012-12-15 22:08:07 [com.nmc.SatelliteParser]-[INFO] 5=
2012-12-15 22:08:07 [com.nmc.SatelliteParser]-[INFO] 6=040601
2012-12-15 22:08:07 [com.nmc.SatelliteParser]-[INFO] 7=
2012-12-15 22:08:07 [com.nmc.SatelliteParser]-[INFO] 8=0
2012-12-15 22:08:07 [com.nmc.SatelliteParser]-[INFO] 	zhang:SEVP_NSMC_WXCL_ASC_E99_ACHN_LNO_PY_20121215130000000.JPG
2012-12-15 22:08:07 [com.nmc.SatelliteParser]-[INFO] 	zhang:20121215
2012-12-15 22:08:07 [com.nmc.SatelliteParser]-[INFO] 

2012-12-15 22:08:07 [com.nmc.SatelliteParser]-[INFO] 	 字符串长度:9
2012-12-15 22:08:07 [com.nmc.SatelliteParser]-[INFO] 0=/product/2012/201212/20121215/WXCL/medium/SEVP_NSMC_WXCL_ASC_E99_ACHN_LNO_PY_20121215123000000.JPG
2012-12-15 22:08:07 [com.nmc.SatelliteParser]-[INFO] 1=/product/2012/201212/20121215/WXCL/SEVP_NSMC_WXCL_ASC_E99_ACHN_LNO_PY_20121215123000000.JPG
2012-12-15 22:08:07 [com.nmc.SatelliteParser]-[INFO] 2=
2012-12-15 22:08:07 [com.nmc.SatelliteParser]-[INFO] 3=
2012-12-15 22:08:07 [com.nmc.SatelliteParser]-[INFO] 4=
2012-12-15 22:08:07 [com.nmc.SatelliteParser]-[INFO] 5=
2012-12-15 22:08:07 [com.nmc.SatelliteParser]-[INFO] 6=040601
2012-12-15 22:08:07 [com.nmc.SatelliteParser]-[INFO] 7=
2012-12-15 22:08:07 [com.nmc.SatelliteParser]-[INFO] 8=1
2012-12-15 22:08:07 [com.nmc.SatelliteParser]-[INFO] 	zhang:SEVP_NSMC_WXCL_ASC_E99_ACHN_LNO_PY_20121215123000000.JPG
2012-12-15 22:08:07 [com.nmc.SatelliteParser]-[INFO] 	zhang:20121215
2012-12-15 22:08:07 [com.nmc.SatelliteParser]-[INFO] 

2012-12-15 22:08:07 [com.nmc.SatelliteParser]-[INFO] 	 字符串长度:9
2012-12-15 22:08:07 [com.nmc.SatelliteParser]-[INFO] 0=/product/2012/201212/20121215/WXCL/medium/SEVP_NSMC_WXCL_ASC_E99_ACHN_LNO_PY_20121215120000000.JPG
2012-12-15 22:08:07 [com.nmc.SatelliteParser]-[INFO] 1=/product/2012/201212/20121215/WXCL/SEVP_NSMC_WXCL_ASC_E99_ACHN_LNO_PY_20121215120000000.JPG
2012-12-15 22:08:07 [com.nmc.SatelliteParser]-[INFO] 2=
2012-12-15 22:08:07 [com.nmc.SatelliteParser]-[INFO] 3=
2012-12-15 22:08:07 [com.nmc.SatelliteParser]-[INFO] 4=
2012-12-15 22:08:07 [com.nmc.SatelliteParser]-[INFO] 5=
2012-12-15 22:08:07 [com.nmc.SatelliteParser]-[INFO] 6=040601
2012-12-15 22:08:07 [com.nmc.SatelliteParser]-[INFO] 7=
2012-12-15 22:08:07 [com.nmc.SatelliteParser]-[INFO] 8=2
2012-12-15 22:08:07 [com.nmc.SatelliteParser]-[INFO] 	zhang:SEVP_NSMC_WXCL_ASC_E99_ACHN_LNO_PY_20121215120000000.JPG
2012-12-15 22:08:07 [com.nmc.SatelliteParser]-[INFO] 	zhang:20121215
2012-12-15 22:08:07 [com.nmc.SatelliteParser]-[INFO] 

2012-12-15 22:08:07 [com.nmc.SatelliteParser]-[INFO] 	 字符串长度:9
2012-12-15 22:08:07 [com.nmc.SatelliteParser]-[INFO] 0=/product/2012/201212/20121215/WXCL/medium/SEVP_NSMC_WXCL_ASC_E99_ACHN_LNO_PY_20121215113000000.JPG
2012-12-15 22:08:07 [com.nmc.SatelliteParser]-[INFO] 1=/product/2012/201212/20121215/WXCL/SEVP_NSMC_WXCL_ASC_E99_ACHN_LNO_PY_20121215113000000.JPG
2012-12-15 22:08:07 [com.nmc.SatelliteParser]-[INFO] 2=
2012-12-15 22:08:07 [com.nmc.SatelliteParser]-[INFO] 3=
2012-12-15 22:08:07 [com.nmc.SatelliteParser]-[INFO] 4=
2012-12-15 22:08:07 [com.nmc.SatelliteParser]-[INFO] 5=
2012-12-15 22:08:07 [com.nmc.SatelliteParser]-[INFO] 6=040601
2012-12-15 22:08:07 [com.nmc.SatelliteParser]-[INFO] 7=
2012-12-15 22:08:07 [com.nmc.SatelliteParser]-[INFO] 8=3
2012-12-15 22:08:07 [com.nmc.SatelliteParser]-[INFO] 	zhang:SEVP_NSMC_WXCL_ASC_E99_ACHN_LNO_PY_20121215113000000.JPG
2012-12-15 22:08:07 [com.nmc.SatelliteParser]-[INFO] 	zhang:20121215
2012-12-15 22:08:07 [com.nmc.SatelliteParser]-[INFO] 

2012-12-15 22:08:07 [com.nmc.SatelliteParser]-[INFO] 	 字符串长度:9
2012-12-15 22:08:07 [com.nmc.SatelliteParser]-[INFO] 0=/product/2012/201212/20121215/WXCL/medium/SEVP_NSMC_WXCL_ASC_E99_ACHN_LNO_PY_20121215110000000.JPG
2012-12-15 22:08:07 [com.nmc.SatelliteParser]-[INFO] 1=/product/2012/201212/20121215/WXCL/SEVP_NSMC_WXCL_ASC_E99_ACHN_LNO_PY_20121215110000000.JPG
2012-12-15 22:08:07 [com.nmc.SatelliteParser]-[INFO] 2=
2012-12-15 22:08:07 [com.nmc.SatelliteParser]-[INFO] 3=
2012-12-15 22:08:07 [com.nmc.SatelliteParser]-[INFO] 4=
2012-12-15 22:08:07 [com.nmc.SatelliteParser]-[INFO] 5=
2012-12-15 22:08:07 [com.nmc.SatelliteParser]-[INFO] 6=040601
2012-12-15 22:08:07 [com.nmc.SatelliteParser]-[INFO] 7=
2012-12-15 22:08:07 [com.nmc.SatelliteParser]-[INFO] 8=4
2012-12-15 22:08:07 [com.nmc.SatelliteParser]-[INFO] 	zhang:SEVP_NSMC_WXCL_ASC_E99_ACHN_LNO_PY_20121215110000000.JPG
2012-12-15 22:08:07 [com.nmc.SatelliteParser]-[INFO] 	zhang:20121215
2012-12-15 22:08:07 [com.nmc.SatelliteParser]-[INFO] 

2012-12-15 22:08:07 [com.nmc.SatelliteParser]-[INFO] 	 字符串长度:9
2012-12-15 22:08:07 [com.nmc.SatelliteParser]-[INFO] 0=/product/2012/201212/20121215/WXCL/medium/SEVP_NSMC_WXCL_ASC_E99_ACHN_LNO_PY_20121215103000000.JPG
2012-12-15 22:08:07 [com.nmc.SatelliteParser]-[INFO] 1=/product/2012/201212/20121215/WXCL/SEVP_NSMC_WXCL_ASC_E99_ACHN_LNO_PY_20121215103000000.JPG
2012-12-15 22:08:07 [com.nmc.SatelliteParser]-[INFO] 2=
2012-12-15 22:08:07 [com.nmc.SatelliteParser]-[INFO] 3=
2012-12-15 22:08:07 [com.nmc.SatelliteParser]-[INFO] 4=
2012-12-15 22:08:07 [com.nmc.SatelliteParser]-[INFO] 5=
2012-12-15 22:08:07 [com.nmc.SatelliteParser]-[INFO] 6=040601
2012-12-15 22:08:07 [com.nmc.SatelliteParser]-[INFO] 7=
2012-12-15 22:08:07 [com.nmc.SatelliteParser]-[INFO] 8=5
2012-12-15 22:08:07 [com.nmc.SatelliteParser]-[INFO] 	zhang:SEVP_NSMC_WXCL_ASC_E99_ACHN_LNO_PY_20121215103000000.JPG
2012-12-15 22:08:07 [com.nmc.SatelliteParser]-[INFO] 	zhang:20121215
2012-12-15 22:08:07 [com.nmc.SatelliteParser]-[INFO] 

2012-12-15 22:08:07 [com.nmc.SatelliteParser]-[INFO] 	 字符串长度:9
2012-12-15 22:08:07 [com.nmc.SatelliteParser]-[INFO] 0=/product/2012/201212/20121215/WXCL/medium/SEVP_NSMC_WXCL_ASC_E99_ACHN_LNO_PY_20121215100000000.JPG
2012-12-15 22:08:07 [com.nmc.SatelliteParser]-[INFO] 1=/product/2012/201212/20121215/WXCL/SEVP_NSMC_WXCL_ASC_E99_ACHN_LNO_PY_20121215100000000.JPG
2012-12-15 22:08:07 [com.nmc.SatelliteParser]-[INFO] 2=
2012-12-15 22:08:07 [com.nmc.SatelliteParser]-[INFO] 3=
2012-12-15 22:08:07 [com.nmc.SatelliteParser]-[INFO] 4=
2012-12-15 22:08:07 [com.nmc.SatelliteParser]-[INFO] 5=
2012-12-15 22:08:07 [com.nmc.SatelliteParser]-[INFO] 6=040601
2012-12-15 22:08:07 [com.nmc.SatelliteParser]-[INFO] 7=
2012-12-15 22:08:07 [com.nmc.SatelliteParser]-[INFO] 8=6
2012-12-15 22:08:07 [com.nmc.SatelliteParser]-[INFO] 	zhang:SEVP_NSMC_WXCL_ASC_E99_ACHN_LNO_PY_20121215100000000.JPG
2012-12-15 22:08:07 [com.nmc.SatelliteParser]-[INFO] 	zhang:20121215
2012-12-15 22:08:07 [com.nmc.SatelliteParser]-[INFO] 

2012-12-15 22:08:07 [com.nmc.SatelliteParser]-[INFO] 	 字符串长度:9
2012-12-15 22:08:07 [com.nmc.SatelliteParser]-[INFO] 0=/product/2012/201212/20121215/WXCL/medium/SEVP_NSMC_WXCL_ASC_E99_ACHN_LNO_PY_20121215093000000.JPG
2012-12-15 22:08:07 [com.nmc.SatelliteParser]-[INFO] 1=/product/2012/201212/20121215/WXCL/SEVP_NSMC_WXCL_ASC_E99_ACHN_LNO_PY_20121215093000000.JPG
2012-12-15 22:08:07 [com.nmc.SatelliteParser]-[INFO] 2=
2012-12-15 22:08:07 [com.nmc.SatelliteParser]-[INFO] 3=
2012-12-15 22:08:07 [com.nmc.SatelliteParser]-[INFO] 4=
2012-12-15 22:08:07 [com.nmc.SatelliteParser]-[INFO] 5=
2012-12-15 22:08:07 [com.nmc.SatelliteParser]-[INFO] 6=040601
2012-12-15 22:08:07 [com.nmc.SatelliteParser]-[INFO] 7=
2012-12-15 22:08:07 [com.nmc.SatelliteParser]-[INFO] 8=7
2012-12-15 22:08:07 [com.nmc.SatelliteParser]-[INFO] 	zhang:SEVP_NSMC_WXCL_ASC_E99_ACHN_LNO_PY_20121215093000000.JPG
2012-12-15 22:08:07 [com.nmc.SatelliteParser]-[INFO] 	zhang:20121215
2012-12-15 22:08:07 [com.nmc.SatelliteParser]-[INFO] 

2012-12-15 22:08:07 [com.nmc.SatelliteParser]-[INFO] 	 字符串长度:9
2012-12-15 22:08:07 [com.nmc.SatelliteParser]-[INFO] 0=/product/2012/201212/20121215/WXCL/medium/SEVP_NSMC_WXCL_ASC_E99_ACHN_LNO_PY_20121215090000000.JPG
2012-12-15 22:08:07 [com.nmc.SatelliteParser]-[INFO] 1=/product/2012/201212/20121215/WXCL/SEVP_NSMC_WXCL_ASC_E99_ACHN_LNO_PY_20121215090000000.JPG
2012-12-15 22:08:07 [com.nmc.SatelliteParser]-[INFO] 2=
2012-12-15 22:08:07 [com.nmc.SatelliteParser]-[INFO] 3=
2012-12-15 22:08:07 [com.nmc.SatelliteParser]-[INFO] 4=
2012-12-15 22:08:07 [com.nmc.SatelliteParser]-[INFO] 5=
2012-12-15 22:08:07 [com.nmc.SatelliteParser]-[INFO] 6=040601
2012-12-15 22:08:07 [com.nmc.SatelliteParser]-[INFO] 7=
2012-12-15 22:08:07 [com.nmc.SatelliteParser]-[INFO] 8=8
2012-12-15 22:08:07 [com.nmc.SatelliteParser]-[INFO] 	zhang:SEVP_NSMC_WXCL_ASC_E99_ACHN_LNO_PY_20121215090000000.JPG
2012-12-15 22:08:07 [com.nmc.SatelliteParser]-[INFO] 	zhang:20121215
2012-12-15 22:08:07 [com.nmc.SatelliteParser]-[INFO] 

2012-12-15 22:08:07 [com.nmc.SatelliteParser]-[INFO] 	 字符串长度:9
2012-12-15 22:08:07 [com.nmc.SatelliteParser]-[INFO] 0=/product/2012/201212/20121215/WXCL/medium/SEVP_NSMC_WXCL_ASC_E99_ACHN_LNO_PY_20121215083000000.JPG
2012-12-15 22:08:07 [com.nmc.SatelliteParser]-[INFO] 1=/product/2012/201212/20121215/WXCL/SEVP_NSMC_WXCL_ASC_E99_ACHN_LNO_PY_20121215083000000.JPG
2012-12-15 22:08:07 [com.nmc.SatelliteParser]-[INFO] 2=
2012-12-15 22:08:07 [com.nmc.SatelliteParser]-[INFO] 3=
2012-12-15 22:08:07 [com.nmc.SatelliteParser]-[INFO] 4=
2012-12-15 22:08:07 [com.nmc.SatelliteParser]-[INFO] 5=
2012-12-15 22:08:07 [com.nmc.SatelliteParser]-[INFO] 6=040601
2012-12-15 22:08:07 [com.nmc.SatelliteParser]-[INFO] 7=
2012-12-15 22:08:07 [com.nmc.SatelliteParser]-[INFO] 8=9
2012-12-15 22:08:07 [com.nmc.SatelliteParser]-[INFO] 	zhang:SEVP_NSMC_WXCL_ASC_E99_ACHN_LNO_PY_20121215083000000.JPG
2012-12-15 22:08:07 [com.nmc.SatelliteParser]-[INFO] 	zhang:20121215
2012-12-15 22:08:07 [com.nmc.SatelliteParser]-[INFO] 

2012-12-15 22:08:07 [com.nmc.SatelliteParser]-[INFO] 	 字符串长度:9
2012-12-15 22:08:07 [com.nmc.SatelliteParser]-[INFO] 0=/product/2012/201212/20121215/WXCL/medium/SEVP_NSMC_WXCL_ASC_E99_ACHN_LNO_PY_20121215080000000.JPG
2012-12-15 22:08:07 [com.nmc.SatelliteParser]-[INFO] 1=/product/2012/201212/20121215/WXCL/SEVP_NSMC_WXCL_ASC_E99_ACHN_LNO_PY_20121215080000000.JPG
2012-12-15 22:08:07 [com.nmc.SatelliteParser]-[INFO] 2=
2012-12-15 22:08:07 [com.nmc.SatelliteParser]-[INFO] 3=
2012-12-15 22:08:07 [com.nmc.SatelliteParser]-[INFO] 4=
2012-12-15 22:08:07 [com.nmc.SatelliteParser]-[INFO] 5=
2012-12-15 22:08:07 [com.nmc.SatelliteParser]-[INFO] 6=040601
2012-12-15 22:08:07 [com.nmc.SatelliteParser]-[INFO] 7=
2012-12-15 22:08:07 [com.nmc.SatelliteParser]-[INFO] 8=10
2012-12-15 22:08:07 [com.nmc.SatelliteParser]-[INFO] 	zhang:SEVP_NSMC_WXCL_ASC_E99_ACHN_LNO_PY_20121215080000000.JPG
2012-12-15 22:08:07 [com.nmc.SatelliteParser]-[INFO] 	zhang:20121215
2012-12-15 22:08:07 [com.nmc.SatelliteParser]-[INFO] 

2012-12-15 22:08:07 [com.nmc.SatelliteParser]-[INFO] 	 字符串长度:9
2012-12-15 22:08:07 [com.nmc.SatelliteParser]-[INFO] 0=/product/2012/201212/20121215/WXCL/medium/SEVP_NSMC_WXCL_ASC_E99_ACHN_LNO_PY_20121215073000000.JPG
2012-12-15 22:08:07 [com.nmc.SatelliteParser]-[INFO] 1=/product/2012/201212/20121215/WXCL/SEVP_NSMC_WXCL_ASC_E99_ACHN_LNO_PY_20121215073000000.JPG
2012-12-15 22:08:07 [com.nmc.SatelliteParser]-[INFO] 2=
2012-12-15 22:08:07 [com.nmc.SatelliteParser]-[INFO] 3=
2012-12-15 22:08:07 [com.nmc.SatelliteParser]-[INFO] 4=
2012-12-15 22:08:07 [com.nmc.SatelliteParser]-[INFO] 5=
2012-12-15 22:08:07 [com.nmc.SatelliteParser]-[INFO] 6=040601
2012-12-15 22:08:07 [com.nmc.SatelliteParser]-[INFO] 7=
2012-12-15 22:08:07 [com.nmc.SatelliteParser]-[INFO] 8=11
2012-12-15 22:08:07 [com.nmc.SatelliteParser]-[INFO] 	zhang:SEVP_NSMC_WXCL_ASC_E99_ACHN_LNO_PY_20121215073000000.JPG
2012-12-15 22:08:07 [com.nmc.SatelliteParser]-[INFO] 	zhang:20121215
2012-12-15 22:08:07 [com.nmc.SatelliteParser]-[INFO] 

